<?xml version="1.0" encoding="UTF-8"?>
<!-- Generated by org.testng.reporters.JUnitReportReporter -->
<testsuite hostname="DESKTOP-6P75PL9" failures="0" tests="3" name="TestClasses.Cars_Home" time="14.789" errors="0" timestamp="18 Dec 2024 12:07:05 GMT" skipped="0">
  <testcase classname="TestClasses.Cars_Home" name="goToNewCars" time="1.442"/>
  <testcase classname="TestClasses.Cars_Home" name="tearDow" time="0.524"/>
  <testcase classname="TestClasses.Cars_Home" name="goToCarsHomePage" time="12.823"/>
</testsuite> <!-- TestClasses.Cars_Home -->
