<?xml version="1.0" encoding="UTF-8"?>
<!-- Generated by org.testng.reporters.JUnitReportReporter -->
<testsuite hostname="DESKTOP-6P75PL9" failures="0" tests="2" name="TestClasses.NewCars" time="36.492" errors="0" timestamp="18 Dec 2024 12:53:13 GMT" skipped="0">
  <testcase classname="TestClasses.NewCars" name="goToNewCarPage" time="21.020"/>
  <testcase classname="TestClasses.NewCars" name="verfyThatUserShouldBeAbleToNavigateToBMWCarPage" time="15.472"/>
</testsuite> <!-- TestClasses.NewCars -->
