<?xml version="1.0" encoding="UTF-8"?>
<!-- Generated by org.testng.reporters.JUnitReportReporter -->
<testsuite hostname="DESKTOP-6P75PL9" failures="0" tests="2" name="TestClasses.Test_NewCars" time="37.515" errors="1" timestamp="18 Dec 2024 13:01:00 GMT" skipped="1">
  <testcase classname="TestClasses.Test_NewCars" name="verfyThatUserShouldBeAbleToNavigateToBMWCarPage" time="0.000">
    <skipped/>
  </testcase> <!-- verfyThatUserShouldBeAbleToNavigateToBMWCarPage -->
  <testcase classname="TestClasses.Test_NewCars" name="lauctTheBrowser" time="37.515">
    <error message="Error {
  message=&#039;Navigation failed because page was closed!
=========================== logs ===========================
navigating to &quot;https://www.carwale.com/&quot;, waiting until &quot;load&quot;
============================================================
  name=&#039;Error
  stack=&#039;Error: Navigation failed because page was closed!
=========================== logs ===========================
navigating to &quot;https://www.carwale.com/&quot;, waiting until &quot;load&quot;
============================================================
    at C:\Users\UMESHP~1\AppData\Local\Temp\playwright-java-13599755043734040780\package\lib\server\frames.js:673:13
    at async ProgressController.run (C:\Users\UMESHP~1\AppData\Local\Temp\playwright-java-13599755043734040780\package\lib\server\progress.js:101:22)
    at async FrameDispatcher.goto (C:\Users\UMESHP~1\AppData\Local\Temp\playwright-java-13599755043734040780\package\lib\server\dispatchers\frameDispatcher.js:87:59)
    at async DispatcherConnection.dispatch (C:\Users\UMESHP~1\AppData\Local\Temp\playwright-java-13599755043734040780\package\lib\server\dispatchers\dispatcher.js:397:22)
}" type="com.microsoft.playwright.PlaywrightException">
      <![CDATA[com.microsoft.playwright.PlaywrightException: Error {
  message='Navigation failed because page was closed!
=========================== logs ===========================
navigating to "https://www.carwale.com/", waiting until "load"
============================================================
  name='Error
  stack='Error: Navigation failed because page was closed!
=========================== logs ===========================
navigating to "https://www.carwale.com/", waiting until "load"
============================================================
    at C:\Users\UMESHP~1\AppData\Local\Temp\playwright-java-13599755043734040780\package\lib\server\frames.js:673:13
    at async ProgressController.run (C:\Users\UMESHP~1\AppData\Local\Temp\playwright-java-13599755043734040780\package\lib\server\progress.js:101:22)
    at async FrameDispatcher.goto (C:\Users\UMESHP~1\AppData\Local\Temp\playwright-java-13599755043734040780\package\lib\server\dispatchers\frameDispatcher.js:87:59)
    at async DispatcherConnection.dispatch (C:\Users\UMESHP~1\AppData\Local\Temp\playwright-java-13599755043734040780\package\lib\server\dispatchers\dispatcher.js:397:22)
}
at com.microsoft.playwright.impl.WaitableResult.get(WaitableResult.java:54)
at com.microsoft.playwright.impl.ChannelOwner.runUntil(ChannelOwner.java:109)
at com.microsoft.playwright.impl.Connection.sendMessage(Connection.java:108)
at com.microsoft.playwright.impl.ChannelOwner.sendMessage(ChannelOwner.java:100)
at com.microsoft.playwright.impl.FrameImpl.navigateImpl(FrameImpl.java:401)
at com.microsoft.playwright.impl.PageImpl.lambda$navigate$32(PageImpl.java:800)
at com.microsoft.playwright.impl.LoggingSupport.withLogging(LoggingSupport.java:47)
at com.microsoft.playwright.impl.ChannelOwner.withLogging(ChannelOwner.java:85)
at com.microsoft.playwright.impl.PageImpl.navigate(PageImpl.java:800)
at com.microsoft.playwright.impl.PageImpl.navigate(PageImpl.java:41)
at com.microsoft.playwright.Page.navigate(Page.java:4309)
at BaseTest.Base.launchTheBrowser(Base.java:18)
at TestClasses.Test_NewCars.lauctTheBrowser(Test_NewCars.java:24)
at java.base/jdk.internal.reflect.NativeMethodAccessorImpl.invoke0(Native Method)
at java.base/jdk.internal.reflect.NativeMethodAccessorImpl.invoke(NativeMethodAccessorImpl.java:77)
at java.base/jdk.internal.reflect.DelegatingMethodAccessorImpl.invoke(DelegatingMethodAccessorImpl.java:43)
at java.base/java.lang.reflect.Method.invoke(Method.java:568)
at org.testng.internal.MethodInvocationHelper.invokeMethod(MethodInvocationHelper.java:124)
at org.testng.internal.MethodInvocationHelper.invokeMethodConsideringTimeout(MethodInvocationHelper.java:59)
at org.testng.internal.Invoker.invokeConfigurationMethod(Invoker.java:458)
at org.testng.internal.Invoker.invokeConfigurations(Invoker.java:222)
at org.testng.internal.Invoker.invokeMethod(Invoker.java:523)
at org.testng.internal.Invoker.invokeTestMethod(Invoker.java:719)
at org.testng.internal.Invoker.invokeTestMethods(Invoker.java:989)
at org.testng.internal.TestMethodWorker.invokeTestMethods(TestMethodWorker.java:125)
at org.testng.internal.TestMethodWorker.run(TestMethodWorker.java:109)
at org.testng.TestRunner.privateRun(TestRunner.java:648)
at org.testng.TestRunner.run(TestRunner.java:505)
at org.testng.SuiteRunner.runTest(SuiteRunner.java:455)
at org.testng.SuiteRunner.runSequentially(SuiteRunner.java:450)
at org.testng.SuiteRunner.privateRun(SuiteRunner.java:415)
at org.testng.SuiteRunner.run(SuiteRunner.java:364)
at org.testng.SuiteRunnerWorker.runSuite(SuiteRunnerWorker.java:52)
at org.testng.SuiteRunnerWorker.run(SuiteRunnerWorker.java:84)
at org.testng.TestNG.runSuitesSequentially(TestNG.java:1208)
at org.testng.TestNG.runSuitesLocally(TestNG.java:1137)
at org.testng.TestNG.runSuites(TestNG.java:1049)
at org.testng.TestNG.run(TestNG.java:1017)
at org.testng.remote.AbstractRemoteTestNG.run(AbstractRemoteTestNG.java:115)
at org.testng.remote.RemoteTestNG.initAndRun(RemoteTestNG.java:251)
at org.testng.remote.RemoteTestNG.main(RemoteTestNG.java:77)
Caused by: com.microsoft.playwright.impl.DriverException: Error {
  message='Navigation failed because page was closed!
=========================== logs ===========================
navigating to "https://www.carwale.com/", waiting until "load"
============================================================
  name='Error
  stack='Error: Navigation failed because page was closed!
=========================== logs ===========================
navigating to "https://www.carwale.com/", waiting until "load"
============================================================
    at C:\Users\UMESHP~1\AppData\Local\Temp\playwright-java-13599755043734040780\package\lib\server\frames.js:673:13
    at async ProgressController.run (C:\Users\UMESHP~1\AppData\Local\Temp\playwright-java-13599755043734040780\package\lib\server\progress.js:101:22)
    at async FrameDispatcher.goto (C:\Users\UMESHP~1\AppData\Local\Temp\playwright-java-13599755043734040780\package\lib\server\dispatchers\frameDispatcher.js:87:59)
    at async DispatcherConnection.dispatch (C:\Users\UMESHP~1\AppData\Local\Temp\playwright-java-13599755043734040780\package\lib\server\dispatchers\dispatcher.js:397:22)
}
at com.microsoft.playwright.impl.Connection.dispatch(Connection.java:190)
at com.microsoft.playwright.impl.Connection.processOneMessage(Connection.java:170)
at com.microsoft.playwright.impl.ChannelOwner.runUntil(ChannelOwner.java:107)
... 39 more
]]>
    </error>
  </testcase> <!-- lauctTheBrowser -->
</testsuite> <!-- TestClasses.Test_NewCars -->
